Using pre-set license
Built from '2020.3/staging' branch; Version is '2020.3.13f1 (71691879b7f5) revision 7432472'; Using compiler version '192528614'; Build Type 'Release'
OS: 'Windows 10 Home; OS build 22000.795; Version 2009; 64bit' Language: 'en' Physical Memory: 16204 MB
BatchMode: 1, IsHumanControllingUs: 0, StartBugReporterOnCrash: 0, Is64bit: 1, IsPro: 0

 COMMAND LINE ARGUMENTS:
C:\Program Files\2020.3.13f1\Editor\Unity.exe
-adb2
-batchMode
-noUpm
-name
AssetImportWorker0
-projectPath
D:/Github/Real github/GMTK_2022_GameJam/GMTK_2022_GameJam/Project
-logFile
Logs/AssetImportWorker0.log
-srvPort
61192
Successfully changed project path to: D:/Github/Real github/GMTK_2022_GameJam/GMTK_2022_GameJam/Project
D:/Github/Real github/GMTK_2022_GameJam/GMTK_2022_GameJam/Project
Using Asset Import Pipeline V2.
Refreshing native plugins compatible for Editor in 23.51 ms, found 2 plugins.
Preloading 0 native plugins for Editor in 0.00 ms.
Initialize engine version: 2020.3.13f1 (71691879b7f5)
[Subsystems] Discovering subsystems at path C:/Program Files/2020.3.13f1/Editor/Data/Resources/UnitySubsystems
[Subsystems] Discovering subsystems at path D:/Github/Real github/GMTK_2022_GameJam/GMTK_2022_GameJam/Project/Assets
GfxDevice: creating device client; threaded=0
Direct3D:
    Version:  Direct3D 11.0 [level 11.1]
    Renderer: NVIDIA GeForce RTX 2060 (ID=0x1f15)
    Vendor:   
    VRAM:     5980 MB
    Driver:   26.21.14.4276
Initialize mono
Mono path[0] = 'C:/Program Files/2020.3.13f1/Editor/Data/Managed'
Mono path[1] = 'C:/Program Files/2020.3.13f1/Editor/Data/MonoBleedingEdge/lib/mono/unityjit'
Mono config path = 'C:/Program Files/2020.3.13f1/Editor/Data/MonoBleedingEdge/etc'
Using monoOptions --debugger-agent=transport=dt_socket,embedding=1,server=y,suspend=n,address=127.0.0.1:56936
Begin MonoManager ReloadAssembly
Registering precompiled unity dll's ...
Register platform support module: C:/Program Files/2020.3.13f1/Editor/Data/PlaybackEngines/WebGLSupport/UnityEditor.WebGL.Extensions.dll
Register platform support module: C:/Program Files/2020.3.13f1/Editor/Data/PlaybackEngines/WindowsStandaloneSupport/UnityEditor.WindowsStandalone.Extensions.dll
Registered in 0.001611 seconds.
Native extension for WindowsStandalone target not found
Native extension for WebGL target not found
Refreshing native plugins compatible for Editor in 22.97 ms, found 2 plugins.
Preloading 0 native plugins for Editor in 0.00 ms.
Mono: successfully reloaded assembly
- Completed reload, in  1.897 seconds
Platform modules already initialized, skipping
Registering precompiled user dll's ...
Registered in 0.001724 seconds.
Begin MonoManager ReloadAssembly
Native extension for WindowsStandalone target not found
Native extension for WebGL target not found
Refreshing native plugins compatible for Editor in 0.26 ms, found 2 plugins.
Preloading 0 native plugins for Editor in 0.00 ms.
Mono: successfully reloaded assembly
- Completed reload, in  0.790 seconds
Platform modules already initialized, skipping
========================================================================
Worker process is ready to serve import requests
Launched and connected shader compiler UnityShaderCompiler.exe after 0.03 seconds
Refreshing native plugins compatible for Editor in 0.26 ms, found 2 plugins.
Preloading 0 native plugins for Editor in 0.00 ms.
Unloading 1392 Unused Serialized files (Serialized files now loaded: 0)
System memory in use before: 65.3 MB.
System memory in use after: 65.4 MB.

Unloading 18 unused Assets to reduce memory usage. Loaded Objects now: 1828.
Total: 1.464100 ms (FindLiveObjects: 0.113000 ms CreateObjectMapping: 0.038500 ms MarkObjects: 1.267900 ms  DeleteObjects: 0.044100 ms)

AssetImportParameters requested are different than current active one (requested -> active):
  custom:framework-win-MediaFoundation: 216162199b28c13a410421893ffa2e32 -> 
  custom:video-decoder-ogg-theora: a1e56fd34408186e4bbccfd4996cb3dc -> 
  custom:container-muxer-webm: aa71ff27fc2769a1b78a27578f13a17b -> 
  custom:container-demuxer-webm: 4f35f7cbe854078d1ac9338744f61a02 -> 
  custom:container-demuxer-ogg: 62fdf1f143b41e24485cea50d1cbac27 -> 
  custom:video-encoder-webm-vp8: eb34c28f22e8b96e1ab97ce403110664 -> 
  custom:video-decoder-webm-vp8: 9c59270c3fd7afecdb556c50c9e8de78 -> 
  custom:audio-decoder-ogg-vorbis: bf7c407c2cedff20999df2af8eb42d56 -> 
  custom:audio-encoder-webm-vorbis: bf7c407c2cedff20999df2af8eb42d56 -> 
========================================================================
Received Import Request.
  path: Assets/d8.png
  artifactKey: Guid(dc4f0c500b4fc074dae4510e29fc8aee) Importer(815301076,1909f56bfc062723c751e8b465ee728b)
Start importing Assets/d8.png using Guid(dc4f0c500b4fc074dae4510e29fc8aee) Importer(815301076,1909f56bfc062723c751e8b465ee728b)  -> (artifact id: '744f580d7768b687f12848f3df10691c') in 0.042439 seconds 
  Import took 0.044154 seconds .

========================================================================
Received Import Request.
  Time since last request: 0.000343 seconds.
  path: Assets/d12 (1).png
  artifactKey: Guid(6fcc7618cb0b6744ebb6fae7190cb720) Importer(815301076,1909f56bfc062723c751e8b465ee728b)
Start importing Assets/d12 (1).png using Guid(6fcc7618cb0b6744ebb6fae7190cb720) Importer(815301076,1909f56bfc062723c751e8b465ee728b)  -> (artifact id: '581f6e05eb0ade01521e42b8e0b9873e') in 0.005560 seconds 
  Import took 0.007591 seconds .

========================================================================
Received Import Request.
  Time since last request: 0.000351 seconds.
  path: Assets/d6.png
  artifactKey: Guid(b7ed037e3176fba42833f84ca5acaf16) Importer(815301076,1909f56bfc062723c751e8b465ee728b)
Start importing Assets/d6.png using Guid(b7ed037e3176fba42833f84ca5acaf16) Importer(815301076,1909f56bfc062723c751e8b465ee728b)  -> (artifact id: '78de4d38957485818e2b22ec731a5230') in 0.005117 seconds 
  Import took 0.006872 seconds .

========================================================================
Received Import Request.
  Time since last request: 0.003057 seconds.
  path: Assets/d12 (1).png
  artifactKey: Guid(6fcc7618cb0b6744ebb6fae7190cb720) Importer(815301076,1909f56bfc062723c751e8b465ee728b)
Start importing Assets/d12 (1).png using Guid(6fcc7618cb0b6744ebb6fae7190cb720) Importer(815301076,1909f56bfc062723c751e8b465ee728b)  -> (artifact id: '581f6e05eb0ade01521e42b8e0b9873e') in 0.009529 seconds 
  Import took 0.011583 seconds .

========================================================================
Received Import Request.
  Time since last request: 118.825756 seconds.
  path: Assets/Dice/d6.png
  artifactKey: Guid(ec363a0f3df73e843a9163ecad9a2e80) Importer(815301076,1909f56bfc062723c751e8b465ee728b)
Start importing Assets/Dice/d6.png using Guid(ec363a0f3df73e843a9163ecad9a2e80) Importer(815301076,1909f56bfc062723c751e8b465ee728b)  -> (artifact id: '1d3e501ddb850d806879acdf5028eb51') in 0.038641 seconds 
  Import took 0.040536 seconds .

========================================================================
Received Import Request.
  Time since last request: 8.437885 seconds.
  path: Assets/Dice/d8.png
  artifactKey: Guid(2f3daf8a56e6d1d45a1696eb4107ccfd) Importer(815301076,1909f56bfc062723c751e8b465ee728b)
Start importing Assets/Dice/d8.png using Guid(2f3daf8a56e6d1d45a1696eb4107ccfd) Importer(815301076,1909f56bfc062723c751e8b465ee728b)  -> (artifact id: '91c763b45f00dc007a781e86ffbddff4') in 0.008437 seconds 
  Import took 0.010323 seconds .

========================================================================
Received Import Request.
  Time since last request: 0.008974 seconds.
  path: Assets/Dice/d8.png
  artifactKey: Guid(2f3daf8a56e6d1d45a1696eb4107ccfd) Importer(815301076,1909f56bfc062723c751e8b465ee728b)
Start importing Assets/Dice/d8.png using Guid(2f3daf8a56e6d1d45a1696eb4107ccfd) Importer(815301076,1909f56bfc062723c751e8b465ee728b)  -> (artifact id: '91c763b45f00dc007a781e86ffbddff4') in 0.015102 seconds 
  Import took 0.017976 seconds .

========================================================================
Received Import Request.
  Time since last request: 39.254623 seconds.
  path: Assets/Dice/d12 (1).png
  artifactKey: Guid(6fcc7618cb0b6744ebb6fae7190cb720) Importer(815301076,1909f56bfc062723c751e8b465ee728b)
Start importing Assets/Dice/d12 (1).png using Guid(6fcc7618cb0b6744ebb6fae7190cb720) Importer(815301076,1909f56bfc062723c751e8b465ee728b)  -> (artifact id: '12396486b7c95b261216d12f7dded52c') in 0.008129 seconds 
  Import took 0.010099 seconds .

========================================================================
Received Import Request.
  Time since last request: 0.006163 seconds.
  path: Assets/Dice/d12 (1).png
  artifactKey: Guid(6fcc7618cb0b6744ebb6fae7190cb720) Importer(815301076,1909f56bfc062723c751e8b465ee728b)
Start importing Assets/Dice/d12 (1).png using Guid(6fcc7618cb0b6744ebb6fae7190cb720) Importer(815301076,1909f56bfc062723c751e8b465ee728b)  -> (artifact id: '12396486b7c95b261216d12f7dded52c') in 0.015099 seconds 
  Import took 0.017194 seconds .

========================================================================
Received Prepare
Registering precompiled user dll's ...
Registered in 0.001697 seconds.
Begin MonoManager ReloadAssembly
Native extension for WindowsStandalone target not found
Native extension for WebGL target not found
Refreshing native plugins compatible for Editor in 0.27 ms, found 2 plugins.
Preloading 0 native plugins for Editor in 0.00 ms.
Mono: successfully reloaded assembly
- Completed reload, in  0.771 seconds
Platform modules already initialized, skipping
Refreshing native plugins compatible for Editor in 0.26 ms, found 2 plugins.
Preloading 0 native plugins for Editor in 0.00 ms.
Unloading 1386 Unused Serialized files (Serialized files now loaded: 0)
System memory in use before: 68.2 MB.
System memory in use after: 68.3 MB.

Unloading 13 unused Assets to reduce memory usage. Loaded Objects now: 1837.
Total: 1.446800 ms (FindLiveObjects: 0.117300 ms CreateObjectMapping: 0.036600 ms MarkObjects: 1.279900 ms  DeleteObjects: 0.012300 ms)

AssetImportParameters requested are different than current active one (requested -> active):
  custom:framework-win-MediaFoundation: 216162199b28c13a410421893ffa2e32 -> 
  custom:video-decoder-ogg-theora: a1e56fd34408186e4bbccfd4996cb3dc -> 
  custom:container-muxer-webm: aa71ff27fc2769a1b78a27578f13a17b -> 
  custom:container-demuxer-webm: 4f35f7cbe854078d1ac9338744f61a02 -> 
  custom:container-demuxer-ogg: 62fdf1f143b41e24485cea50d1cbac27 -> 
  custom:video-encoder-webm-vp8: eb34c28f22e8b96e1ab97ce403110664 -> 
  custom:video-decoder-webm-vp8: 9c59270c3fd7afecdb556c50c9e8de78 -> 
  custom:audio-decoder-ogg-vorbis: bf7c407c2cedff20999df2af8eb42d56 -> 
  custom:audio-encoder-webm-vorbis: bf7c407c2cedff20999df2af8eb42d56 -> 
========================================================================
Received Prepare
Registering precompiled user dll's ...
Registered in 0.001691 seconds.
Begin MonoManager ReloadAssembly
Native extension for WindowsStandalone target not found
Native extension for WebGL target not found
Refreshing native plugins compatible for Editor in 0.26 ms, found 2 plugins.
Preloading 0 native plugins for Editor in 0.00 ms.
Mono: successfully reloaded assembly
- Completed reload, in  0.769 seconds
Platform modules already initialized, skipping
Refreshing native plugins compatible for Editor in 0.27 ms, found 2 plugins.
Preloading 0 native plugins for Editor in 0.00 ms.
Unloading 1386 Unused Serialized files (Serialized files now loaded: 0)
System memory in use before: 68.2 MB.
System memory in use after: 68.3 MB.

Unloading 13 unused Assets to reduce memory usage. Loaded Objects now: 1840.
Total: 1.467300 ms (FindLiveObjects: 0.128900 ms CreateObjectMapping: 0.038400 ms MarkObjects: 1.286900 ms  DeleteObjects: 0.012300 ms)

AssetImportParameters requested are different than current active one (requested -> active):
  custom:framework-win-MediaFoundation: 216162199b28c13a410421893ffa2e32 -> 
  custom:video-decoder-ogg-theora: a1e56fd34408186e4bbccfd4996cb3dc -> 
  custom:container-muxer-webm: aa71ff27fc2769a1b78a27578f13a17b -> 
  custom:container-demuxer-webm: 4f35f7cbe854078d1ac9338744f61a02 -> 
  custom:container-demuxer-ogg: 62fdf1f143b41e24485cea50d1cbac27 -> 
  custom:video-encoder-webm-vp8: eb34c28f22e8b96e1ab97ce403110664 -> 
  custom:video-decoder-webm-vp8: 9c59270c3fd7afecdb556c50c9e8de78 -> 
  custom:audio-decoder-ogg-vorbis: bf7c407c2cedff20999df2af8eb42d56 -> 
  custom:audio-encoder-webm-vorbis: bf7c407c2cedff20999df2af8eb42d56 -> 
========================================================================
Received Import Request.
  Time since last request: 4581.119219 seconds.
  path: Assets/Scripts
  artifactKey: Guid(3984484022fa95f4080e7bceb7b98070) Importer(815301076,1909f56bfc062723c751e8b465ee728b)
Start importing Assets/Scripts using Guid(3984484022fa95f4080e7bceb7b98070) Importer(815301076,1909f56bfc062723c751e8b465ee728b)  -> (artifact id: '73c7a7d9fb01edd485d0fced5ee8e2d4') in 0.004592 seconds 
  Import took 0.006945 seconds .

========================================================================
Received Import Request.
  Time since last request: 14.613480 seconds.
  path: Assets/Scripts/CanvasManager.cs
  artifactKey: Guid(4b4e8cffc2f67a44a840153d5bc768b5) Importer(815301076,1909f56bfc062723c751e8b465ee728b)
Start importing Assets/Scripts/CanvasManager.cs using Guid(4b4e8cffc2f67a44a840153d5bc768b5) Importer(815301076,1909f56bfc062723c751e8b465ee728b)  -> (artifact id: '08695463f072358f1d374416d775811b') in 0.004698 seconds 
  Import took 0.006966 seconds .

========================================================================
Received Prepare
Registering precompiled user dll's ...
Registered in 0.001749 seconds.
Begin MonoManager ReloadAssembly
Native extension for WindowsStandalone target not found
Native extension for WebGL target not found
Refreshing native plugins compatible for Editor in 0.26 ms, found 2 plugins.
Preloading 0 native plugins for Editor in 0.00 ms.
Mono: successfully reloaded assembly
- Completed reload, in  0.778 seconds
Platform modules already initialized, skipping
Refreshing native plugins compatible for Editor in 0.27 ms, found 2 plugins.
Preloading 0 native plugins for Editor in 0.00 ms.
Unloading 1387 Unused Serialized files (Serialized files now loaded: 0)
System memory in use before: 68.3 MB.
System memory in use after: 68.4 MB.

Unloading 13 unused Assets to reduce memory usage. Loaded Objects now: 1844.
Total: 1.446600 ms (FindLiveObjects: 0.121600 ms CreateObjectMapping: 0.037900 ms MarkObjects: 1.274100 ms  DeleteObjects: 0.012300 ms)

AssetImportParameters requested are different than current active one (requested -> active):
  custom:framework-win-MediaFoundation: 216162199b28c13a410421893ffa2e32 -> 
  custom:video-decoder-ogg-theora: a1e56fd34408186e4bbccfd4996cb3dc -> 
  custom:container-muxer-webm: aa71ff27fc2769a1b78a27578f13a17b -> 
  custom:container-demuxer-webm: 4f35f7cbe854078d1ac9338744f61a02 -> 
  custom:container-demuxer-ogg: 62fdf1f143b41e24485cea50d1cbac27 -> 
  custom:video-encoder-webm-vp8: eb34c28f22e8b96e1ab97ce403110664 -> 
  custom:video-decoder-webm-vp8: 9c59270c3fd7afecdb556c50c9e8de78 -> 
  custom:audio-decoder-ogg-vorbis: bf7c407c2cedff20999df2af8eb42d56 -> 
  custom:audio-encoder-webm-vorbis: bf7c407c2cedff20999df2af8eb42d56 -> 
========================================================================
Received Import Request.
  Time since last request: 54.393130 seconds.
  path: Assets/Scripts/BaseCharacter.cs
  artifactKey: Guid(830400e2898ef16489b55a613868754f) Importer(815301076,1909f56bfc062723c751e8b465ee728b)
Start importing Assets/Scripts/BaseCharacter.cs using Guid(830400e2898ef16489b55a613868754f) Importer(815301076,1909f56bfc062723c751e8b465ee728b)  -> (artifact id: '5b546509845bc968ab09d3e6ada76a5b') in 0.003483 seconds 
  Import took 0.005503 seconds .

========================================================================
Received Import Request.
  Time since last request: 0.023640 seconds.
  path: Assets/Scripts/BaseCharacter.cs
  artifactKey: Guid(830400e2898ef16489b55a613868754f) Importer(815301076,1909f56bfc062723c751e8b465ee728b)
Start importing Assets/Scripts/BaseCharacter.cs using Guid(830400e2898ef16489b55a613868754f) Importer(815301076,1909f56bfc062723c751e8b465ee728b)  -> (artifact id: '5b546509845bc968ab09d3e6ada76a5b') in 0.001622 seconds 
  Import took 0.003755 seconds .

========================================================================
Received Prepare
Registering precompiled user dll's ...
Registered in 0.001818 seconds.
Begin MonoManager ReloadAssembly
Native extension for WindowsStandalone target not found
Native extension for WebGL target not found
Refreshing native plugins compatible for Editor in 0.27 ms, found 2 plugins.
Preloading 0 native plugins for Editor in 0.00 ms.
Mono: successfully reloaded assembly
- Completed reload, in  0.802 seconds
Platform modules already initialized, skipping
Refreshing native plugins compatible for Editor in 0.27 ms, found 2 plugins.
Preloading 0 native plugins for Editor in 0.00 ms.
Unloading 1387 Unused Serialized files (Serialized files now loaded: 0)
System memory in use before: 68.3 MB.
System memory in use after: 68.4 MB.

Unloading 13 unused Assets to reduce memory usage. Loaded Objects now: 1847.
Total: 2.120000 ms (FindLiveObjects: 0.240000 ms CreateObjectMapping: 0.102100 ms MarkObjects: 1.758600 ms  DeleteObjects: 0.018100 ms)

AssetImportParameters requested are different than current active one (requested -> active):
  custom:framework-win-MediaFoundation: 216162199b28c13a410421893ffa2e32 -> 
  custom:video-decoder-ogg-theora: a1e56fd34408186e4bbccfd4996cb3dc -> 
  custom:container-muxer-webm: aa71ff27fc2769a1b78a27578f13a17b -> 
  custom:container-demuxer-webm: 4f35f7cbe854078d1ac9338744f61a02 -> 
  custom:container-demuxer-ogg: 62fdf1f143b41e24485cea50d1cbac27 -> 
  custom:video-encoder-webm-vp8: eb34c28f22e8b96e1ab97ce403110664 -> 
  custom:video-decoder-webm-vp8: 9c59270c3fd7afecdb556c50c9e8de78 -> 
  custom:audio-decoder-ogg-vorbis: bf7c407c2cedff20999df2af8eb42d56 -> 
  custom:audio-encoder-webm-vorbis: bf7c407c2cedff20999df2af8eb42d56 -> 
AssetImportWorkerClient::OnTransportError - code=2 error=End of file
